<?xml version="1.0" encoding="UTF-8"?>
<testsuite xmlns:xsi="http://www.w3.org/2001/XMLSchema-instance" xsi:noNamespaceSchemaLocation="https://maven.apache.org/surefire/maven-surefire-plugin/xsd/surefire-test-report-3.0.xsd" version="3.0" name="com.spring.someproperties_Spring_Project.SomePropertiesSpringProjectApplicationTests" time="3.584" tests="1" errors="0" skipped="0" failures="0">
  <properties>
[...]
</properties>
  <testcase name="contextLoads" classname="com.spring.someproperties_Spring_Project.SomePropertiesSpringProjectApplicationTests" time="1.458">
    <system-out><![CDATA[12:37:59.235 [main] INFO org.springframework.test.context.support.AnnotationConfigContextLoaderUtils -- Could not detect default configuration classes for test class [com.spring.someproperties_Spring_Project.SomePropertiesSpringProjectApplicationTests]: SomePropertiesSpringProjectApplicationTests does not declare any static, non-private, non-final, nested classes annotated with @Configuration.
12:37:59.420 [main] INFO org.springframework.boot.test.context.SpringBootTestContextBootstrapper -- Found @SpringBootConfiguration com.spring.someproperties_Spring_Project.SomePropertiesSpringProjectApplication for test class com.spring.someproperties_Spring_Project.SomePropertiesSpringProjectApplicationTests

  .   ____          _            __ _ _
 /\\ / ___'_ __ _ _(_)_ __  __ _ \ \ \ \
( ( )\___ | '_ | '_| | '_ \/ _` | \ \ \ \
 \\/  ___)| |_)| | | | | || (_| |  ) ) ) )
  '  |____| .__|_| |_|_| |_\__, | / / / /
 =========|_|==============|___/=/_/_/_/

 :: Spring Boot ::                (v3.3.5)

2024-10-25T12:38:00.188+05:30  INFO 16772 --- [SomeProperties-Spring-Project] [           main] ePropertiesSpringProjectApplicationTests : Starting SomePropertiesSpringProjectApplicationTests using Java 17.0.13 with PID 16772 (started by kl000037 in C:\Users\kl000037\Downloads\demo\Basic-Spring-Project)
2024-10-25T12:38:00.191+05:30  INFO 16772 --- [SomeProperties-Spring-Project] [           main] ePropertiesSpringProjectApplicationTests : No active profile set, falling back to 1 default profile: "default"
2024-10-25T12:38:01.068+05:30  INFO 16772 --- [SomeProperties-Spring-Project] [           main] ePropertiesSpringProjectApplicationTests : Started SomePropertiesSpringProjectApplicationTests in 1.414 seconds (process running for 3.153)
]]></system-out>
  </testcase>
</testsuite>